P(C=1) = [20 / 84]
P(A0=1 | C=1) = 17 / 24
P(A1=1 | C=1) = 17 / 24
P(A2=1 | C=1) = 12 / 24
P(C=2) = [34 / 84]
P(A0=1 | C=2) = 10 / 38
P(A1=1 | C=2) = 22 / 38
P(A2=1 | C=2) = 18 / 38
P(C=3) = [30 / 84]
P(A0=1 | C=3) = 17 / 34
P(A1=1 | C=3) = 22 / 34
P(A2=1 | C=3) = 12 / 34
NB(C=1) = 0.059730
NB(C=2) = 0.029211
NB(C=3) = 0.040781
match: "1"
P(C=1) = [20 / 84]
P(A0=1 | C=1) = 17 / 24
P(A1=1 | C=1) = 17 / 24
P(A2=2 | C=1) = 12 / 24
P(C=2) = [34 / 84]
P(A0=1 | C=2) = 10 / 38
P(A1=1 | C=2) = 22 / 38
P(A2=2 | C=2) = 20 / 38
P(C=3) = [30 / 84]
P(A0=1 | C=3) = 17 / 34
P(A1=1 | C=3) = 22 / 34
P(A2=2 | C=3) = 22 / 34
NB(C=1) = 0.059730
NB(C=2) = 0.032456
NB(C=3) = 0.074765
fail: got "3" != want "2"
P(C=1) = [20 / 84]
P(A0=1 | C=1) = 17 / 24
P(A1=2 | C=1) = 7 / 24
P(A2=1 | C=1) = 12 / 24
P(C=2) = [34 / 84]
P(A0=1 | C=2) = 10 / 38
P(A1=2 | C=2) = 16 / 38
P(A2=1 | C=2) = 18 / 38
P(C=3) = [30 / 84]
P(A0=1 | C=3) = 17 / 34
P(A1=2 | C=3) = 12 / 34
P(A2=1 | C=3) = 12 / 34
NB(C=1) = 0.024595
NB(C=2) = 0.021244
NB(C=3) = 0.022244
fail: got "1" != want "3"
P(C=1) = [20 / 84]
P(A0=1 | C=1) = 17 / 24
P(A1=2 | C=1) = 7 / 24
P(A2=2 | C=1) = 12 / 24
P(C=2) = [34 / 84]
P(A0=1 | C=2) = 10 / 38
P(A1=2 | C=2) = 16 / 38
P(A2=2 | C=2) = 20 / 38
P(C=3) = [30 / 84]
P(A0=1 | C=3) = 17 / 34
P(A1=2 | C=3) = 12 / 34
P(A2=2 | C=3) = 22 / 34
NB(C=1) = 0.024595
NB(C=2) = 0.023605
NB(C=3) = 0.040781
fail: got "3" != want "1"
P(C=1) = [20 / 84]
P(A0=2 | C=1) = 7 / 24
P(A1=1 | C=1) = 17 / 24
P(A2=1 | C=1) = 12 / 24
P(C=2) = [34 / 84]
P(A0=2 | C=2) = 28 / 38
P(A1=1 | C=2) = 22 / 38
P(A2=1 | C=2) = 18 / 38
P(C=3) = [30 / 84]
P(A0=2 | C=3) = 17 / 34
P(A1=1 | C=3) = 22 / 34
P(A2=1 | C=3) = 12 / 34
NB(C=1) = 0.024595
NB(C=2) = 0.081790
NB(C=3) = 0.040781
match: "2"
P(C=1) = [20 / 84]
P(A0=2 | C=1) = 7 / 24
P(A1=1 | C=1) = 17 / 24
P(A2=2 | C=1) = 12 / 24
P(C=2) = [34 / 84]
P(A0=2 | C=2) = 28 / 38
P(A1=1 | C=2) = 22 / 38
P(A2=2 | C=2) = 20 / 38
P(C=3) = [30 / 84]
P(A0=2 | C=3) = 17 / 34
P(A1=1 | C=3) = 22 / 34
P(A2=2 | C=3) = 22 / 34
NB(C=1) = 0.024595
NB(C=2) = 0.090878
NB(C=3) = 0.074765
fail: got "2" != want "3"
P(C=1) = [20 / 84]
P(A0=2 | C=1) = 7 / 24
P(A1=2 | C=1) = 7 / 24
P(A2=1 | C=1) = 12 / 24
P(C=2) = [34 / 84]
P(A0=2 | C=2) = 28 / 38
P(A1=2 | C=2) = 16 / 38
P(A2=1 | C=2) = 18 / 38
P(C=3) = [30 / 84]
P(A0=2 | C=3) = 17 / 34
P(A1=2 | C=3) = 12 / 34
P(A2=1 | C=3) = 12 / 34
NB(C=1) = 0.010127
NB(C=2) = 0.059484
NB(C=3) = 0.022244
fail: got "2" != want "1"
P(C=1) = [20 / 84]
P(A0=2 | C=1) = 7 / 24
P(A1=2 | C=1) = 7 / 24
P(A2=2 | C=1) = 12 / 24
P(C=2) = [34 / 84]
P(A0=2 | C=2) = 28 / 38
P(A1=2 | C=2) = 16 / 38
P(A2=2 | C=2) = 20 / 38
P(C=3) = [30 / 84]
P(A0=2 | C=3) = 17 / 34
P(A1=2 | C=3) = 12 / 34
P(A2=2 | C=3) = 22 / 34
NB(C=1) = 0.010127
NB(C=2) = 0.066093
NB(C=3) = 0.040781
match: "2"
Label=1 Precision=1/2 Recall=1/3
Label=2 Precision=2/4 Recall=2/3
Label=3 Precision=0/2 Recall=0/2
