P(C=1) = [20 / 84]
P(A0=1 | C=1) = 16 / 22
P(A1=1 | C=1) = 16 / 22
P(A2=1 | C=1) = 11 / 22
P(C=2) = [34 / 84]
P(A0=1 | C=2) = 9 / 36
P(A1=1 | C=2) = 21 / 36
P(A2=1 | C=2) = 17 / 36
P(C=3) = [30 / 84]
P(A0=1 | C=3) = 16 / 32
P(A1=1 | C=3) = 21 / 32
P(A2=1 | C=3) = 11 / 32
NB(C=1) = 0.062967
NB(C=2) = 0.027874
NB(C=3) = 0.040283
match: "1"
P(C=1) = [20 / 84]
P(A0=1 | C=1) = 16 / 22
P(A1=1 | C=1) = 16 / 22
P(A2=2 | C=1) = 11 / 22
P(C=2) = [34 / 84]
P(A0=1 | C=2) = 9 / 36
P(A1=1 | C=2) = 21 / 36
P(A2=2 | C=2) = 19 / 36
P(C=3) = [30 / 84]
P(A0=1 | C=3) = 16 / 32
P(A1=1 | C=3) = 21 / 32
P(A2=2 | C=3) = 21 / 32
NB(C=1) = 0.062967
NB(C=2) = 0.031154
NB(C=3) = 0.076904
fail: got "3" != want "2"
P(C=1) = [20 / 84]
P(A0=1 | C=1) = 16 / 22
P(A1=2 | C=1) = 6 / 22
P(A2=1 | C=1) = 11 / 22
P(C=2) = [34 / 84]
P(A0=1 | C=2) = 9 / 36
P(A1=2 | C=2) = 15 / 36
P(A2=1 | C=2) = 17 / 36
P(C=3) = [30 / 84]
P(A0=1 | C=3) = 16 / 32
P(A1=2 | C=3) = 11 / 32
P(A2=1 | C=3) = 11 / 32
NB(C=1) = 0.023613
NB(C=2) = 0.019910
NB(C=3) = 0.021101
fail: got "1" != want "3"
P(C=1) = [20 / 84]
P(A0=1 | C=1) = 16 / 22
P(A1=2 | C=1) = 6 / 22
P(A2=2 | C=1) = 11 / 22
P(C=2) = [34 / 84]
P(A0=1 | C=2) = 9 / 36
P(A1=2 | C=2) = 15 / 36
P(A2=2 | C=2) = 19 / 36
P(C=3) = [30 / 84]
P(A0=1 | C=3) = 16 / 32
P(A1=2 | C=3) = 11 / 32
P(A2=2 | C=3) = 21 / 32
NB(C=1) = 0.023613
NB(C=2) = 0.022253
NB(C=3) = 0.040283
fail: got "3" != want "1"
P(C=1) = [20 / 84]
P(A0=2 | C=1) = 6 / 22
P(A1=1 | C=1) = 16 / 22
P(A2=1 | C=1) = 11 / 22
P(C=2) = [34 / 84]
P(A0=2 | C=2) = 27 / 36
P(A1=1 | C=2) = 21 / 36
P(A2=1 | C=2) = 17 / 36
P(C=3) = [30 / 84]
P(A0=2 | C=3) = 16 / 32
P(A1=1 | C=3) = 21 / 32
P(A2=1 | C=3) = 11 / 32
NB(C=1) = 0.023613
NB(C=2) = 0.083623
NB(C=3) = 0.040283
match: "2"
P(C=1) = [20 / 84]
P(A0=2 | C=1) = 6 / 22
P(A1=1 | C=1) = 16 / 22
P(A2=2 | C=1) = 11 / 22
P(C=2) = [34 / 84]
P(A0=2 | C=2) = 27 / 36
P(A1=1 | C=2) = 21 / 36
P(A2=2 | C=2) = 19 / 36
P(C=3) = [30 / 84]
P(A0=2 | C=3) = 16 / 32
P(A1=1 | C=3) = 21 / 32
P(A2=2 | C=3) = 21 / 32
NB(C=1) = 0.023613
NB(C=2) = 0.093461
NB(C=3) = 0.076904
fail: got "2" != want "3"
P(C=1) = [20 / 84]
P(A0=2 | C=1) = 6 / 22
P(A1=2 | C=1) = 6 / 22
P(A2=1 | C=1) = 11 / 22
P(C=2) = [34 / 84]
P(A0=2 | C=2) = 27 / 36
P(A1=2 | C=2) = 15 / 36
P(A2=1 | C=2) = 17 / 36
P(C=3) = [30 / 84]
P(A0=2 | C=3) = 16 / 32
P(A1=2 | C=3) = 11 / 32
P(A2=1 | C=3) = 11 / 32
NB(C=1) = 0.008855
NB(C=2) = 0.059730
NB(C=3) = 0.021101
fail: got "2" != want "1"
P(C=1) = [20 / 84]
P(A0=2 | C=1) = 6 / 22
P(A1=2 | C=1) = 6 / 22
P(A2=2 | C=1) = 11 / 22
P(C=2) = [34 / 84]
P(A0=2 | C=2) = 27 / 36
P(A1=2 | C=2) = 15 / 36
P(A2=2 | C=2) = 19 / 36
P(C=3) = [30 / 84]
P(A0=2 | C=3) = 16 / 32
P(A1=2 | C=3) = 11 / 32
P(A2=2 | C=3) = 21 / 32
NB(C=1) = 0.008855
NB(C=2) = 0.066758
NB(C=3) = 0.040283
match: "2"
Label=1 Precision=1/2 Recall=1/3
Label=2 Precision=2/4 Recall=2/3
Label=3 Precision=0/2 Recall=0/2
